# JRE version: OpenJDK Runtime Environment Temurin-17.0.11+9 (17.0.11+9) (build 17.0.11+9)
# Java VM: OpenJDK 64-Bit Server VM Temurin-17.0.11+9 (17.0.11+9, mixed mode, emulated-client, tiered, compressed oops, compressed class ptrs, g1 gc, windows-amd64)
GC Precious Log:
 CPUs: 12 total, 12 available
 Memory: 7502M
 Large Page Support: Disabled
 NUMA Support: Disabled
 Compressed Oops: Enabled (32-bit)
 Heap Region Size: 1M
 Heap Min Capacity: 8M
 Heap Initial Capacity: 118M
 Heap Max Capacity: 1G
 Pre-touch: Disabled
 Parallel Workers: 10
 Concurrent Workers: 3
 Concurrent Refinement Workers: 10
 Periodic GC: Disabled
Heap:
 garbage-first heap   total 91136K, used 41129K [0x00000000c0000000, 0x0000000100000000)
  region size 1024K, 5 young (5120K), 0 survivors (0K)
 Metaspace       used 60345K, committed 61056K, reserved 1114112K
  class space    used 7312K, committed 7616K, reserved 1048576K
GC Heap History (20 events):
Event: 106.309 GC heap before
{Heap before GC invocations=22 (full 4):
 garbage-first heap   total 91136K, used 37033K [0x00000000c0000000, 0x0000000100000000)
  region size 1024K, 1 young (1024K), 0 survivors (0K)
 Metaspace       used 60319K, committed 61056K, reserved 1114112K
  class space    used 7306K, committed 7616K, reserved 1048576K
}
Event: 106.348 GC heap after
{Heap after GC invocations=23 (full 5):
 garbage-first heap   total 91136K, used 37033K [0x00000000c0000000, 0x0000000100000000)
  region size 1024K, 0 young (0K), 0 survivors (0K)
 Metaspace       used 60319K, committed 61056K, reserved 1114112K
  class space    used 7306K, committed 7616K, reserved 1048576K
}
Event: 116.489 GC heap before
{Heap before GC invocations=23 (full 5):
 garbage-first heap   total 91136K, used 37033K [0x00000000c0000000, 0x0000000100000000)
  region size 1024K, 1 young (1024K), 0 survivors (0K)
 Metaspace       used 60319K, committed 61056K, reserved 1114112K
  class space    used 7306K, committed 7616K, reserved 1048576K
}
Event: 116.528 GC heap after
{Heap after GC invocations=24 (full 6):
 garbage-first heap   total 91136K, used 37033K [0x00000000c0000000, 0x0000000100000000)
  region size 1024K, 0 young (0K), 0 survivors (0K)
 Metaspace       used 60319K, committed 61056K, reserved 1114112K
  class space    used 7306K, committed 7616K, reserved 1048576K
}
Event: 126.683 GC heap before
{Heap before GC invocations=24 (full 6):
 garbage-first heap   total 91136K, used 37033K [0x00000000c0000000, 0x0000000100000000)
  region size 1024K, 1 young (1024K), 0 survivors (0K)
 Metaspace       used 60319K, committed 61056K, reserved 1114112K
  class space    used 7306K, committed 7616K, reserved 1048576K
}
Event: 126.710 GC heap after
{Heap after GC invocations=25 (full 7):
 garbage-first heap   total 91136K, used 37033K [0x00000000c0000000, 0x0000000100000000)
  region size 1024K, 0 young (0K), 0 survivors (0K)
 Metaspace       used 60319K, committed 61056K, reserved 1114112K
  class space    used 7306K, committed 7616K, reserved 1048576K
}
Event: 136.883 GC heap before
{Heap before GC invocations=25 (full 7):
 garbage-first heap   total 91136K, used 37033K [0x00000000c0000000, 0x0000000100000000)
  region size 1024K, 1 young (1024K), 0 survivors (0K)
 Metaspace       used 60319K, committed 61056K, reserved 1114112K
  class space    used 7306K, committed 7616K, reserved 1048576K
}
Event: 136.910 GC heap after
{Heap after GC invocations=26 (full 8):
 garbage-first heap   total 91136K, used 37033K [0x00000000c0000000, 0x0000000100000000)
  region size 1024K, 0 young (0K), 0 survivors (0K)
 Metaspace       used 60319K, committed 61056K, reserved 1114112K
  class space    used 7306K, committed 7616K, reserved 1048576K
}
Event: 147.069 GC heap before
{Heap before GC invocations=26 (full 8):
 garbage-first heap   total 91136K, used 37033K [0x00000000c0000000, 0x0000000100000000)
  region size 1024K, 1 young (1024K), 0 survivors (0K)
 Metaspace       used 60319K, committed 61056K, reserved 1114112K
  class space    used 7306K, committed 7616K, reserved 1048576K
}
Event: 147.102 GC heap after
{Heap after GC invocations=27 (full 9):
 garbage-first heap   total 91136K, used 37033K [0x00000000c0000000, 0x0000000100000000)
  region size 1024K, 0 young (0K), 0 survivors (0K)
 Metaspace       used 60319K, committed 61056K, reserved 1114112K
  class space    used 7306K, committed 7616K, reserved 1048576K
}
Event: 157.243 GC heap before
{Heap before GC invocations=27 (full 9):
 garbage-first heap   total 91136K, used 37033K [0x00000000c0000000, 0x0000000100000000)
  region size 1024K, 1 young (1024K), 0 survivors (0K)
 Metaspace       used 60319K, committed 61056K, reserved 1114112K
  class space    used 7306K, committed 7616K, reserved 1048576K
}
Event: 157.286 GC heap after
{Heap after GC invocations=28 (full 10):
 garbage-first heap   total 91136K, used 37033K [0x00000000c0000000, 0x0000000100000000)
  region size 1024K, 0 young (0K), 0 survivors (0K)
 Metaspace       used 60319K, committed 61056K, reserved 1114112K
  class space    used 7306K, committed 7616K, reserved 1048576K
}
Event: 167.451 GC heap before
{Heap before GC invocations=28 (full 10):
 garbage-first heap   total 91136K, used 37033K [0x00000000c0000000, 0x0000000100000000)
  region size 1024K, 1 young (1024K), 0 survivors (0K)
 Metaspace       used 60319K, committed 61056K, reserved 1114112K
  class space    used 7306K, committed 7616K, reserved 1048576K
}
Event: 167.481 GC heap after
{Heap after GC invocations=29 (full 11):
 garbage-first heap   total 91136K, used 37033K [0x00000000c0000000, 0x0000000100000000)
  region size 1024K, 0 young (0K), 0 survivors (0K)
 Metaspace       used 60319K, committed 61056K, reserved 1114112K
  class space    used 7306K, committed 7616K, reserved 1048576K
}
Event: 177.607 GC heap before
{Heap before GC invocations=29 (full 11):
 garbage-first heap   total 91136K, used 37033K [0x00000000c0000000, 0x0000000100000000)
  region size 1024K, 1 young (1024K), 0 survivors (0K)
 Metaspace       used 60319K, committed 61056K, reserved 1114112K
  class space    used 7306K, committed 7616K, reserved 1048576K
}
Event: 177.652 GC heap after
{Heap after GC invocations=30 (full 12):
 garbage-first heap   total 91136K, used 37033K [0x00000000c0000000, 0x0000000100000000)
  region size 1024K, 0 young (0K), 0 survivors (0K)
 Metaspace       used 60319K, committed 61056K, reserved 1114112K
  class space    used 7306K, committed 7616K, reserved 1048576K
}
Event: 187.814 GC heap before
{Heap before GC invocations=30 (full 12):
 garbage-first heap   total 91136K, used 37033K [0x00000000c0000000, 0x0000000100000000)
  region size 1024K, 1 young (1024K), 0 survivors (0K)
 Metaspace       used 60319K, committed 61056K, reserved 1114112K
  class space    used 7306K, committed 7616K, reserved 1048576K
}
Event: 187.839 GC heap after
{Heap after GC invocations=31 (full 13):
 garbage-first heap   total 91136K, used 37033K [0x00000000c0000000, 0x0000000100000000)
  region size 1024K, 0 young (0K), 0 survivors (0K)
 Metaspace       used 60319K, committed 61056K, reserved 1114112K
  class space    used 7306K, committed 7616K, reserved 1048576K
}
Event: 198.013 GC heap before
{Heap before GC invocations=31 (full 13):
 garbage-first heap   total 91136K, used 37033K [0x00000000c0000000, 0x0000000100000000)
  region size 1024K, 1 young (1024K), 0 survivors (0K)
 Metaspace       used 60319K, committed 61056K, reserved 1114112K
  class space    used 7306K, committed 7616K, reserved 1048576K
}
Event: 198.042 GC heap after
{Heap after GC invocations=32 (full 14):
 garbage-first heap   total 91136K, used 37033K [0x00000000c0000000, 0x0000000100000000)
  region size 1024K, 0 young (0K), 0 survivors (0K)
 Metaspace       used 60319K, committed 61056K, reserved 1114112K
  class space    used 7306K, committed 7616K, reserved 1048576K
}

