# JRE version: OpenJDK Runtime Environment Temurin-17.0.11+9 (17.0.11+9) (build 17.0.11+9)
# Java VM: OpenJDK 64-Bit Server VM Temurin-17.0.11+9 (17.0.11+9, mixed mode, tiered, compressed oops, compressed class ptrs, parallel gc, windows-amd64)
GC Precious Log:
 CPUs: 12 total, 12 available
 Memory: 7502M
 Large Page Support: Disabled
 NUMA Support: Disabled
 Compressed Oops: Enabled (32-bit)
 Alignments: Space 512K, Generation 512K, Heap 2M
 Heap Min Capacity: 100M
 Heap Initial Capacity: 100M
 Heap Max Capacity: 1G
 Pre-touch: Disabled
 Parallel Workers: 10
Heap:
 PSYoungGen      total 21504K, used 6674K [0x00000000eab00000, 0x00000000ec300000, 0x0000000100000000)
  eden space 19456K, 25% used [0x00000000eab00000,0x00000000eafe3850,0x00000000ebe00000)
  from space 2048K, 81% used [0x00000000ebf00000,0x00000000ec0a1390,0x00000000ec100000)
  to   space 2048K, 0% used [0x00000000ec100000,0x00000000ec100000,0x00000000ec300000)
 ParOldGen       total 376320K, used 356756K [0x00000000c0000000, 0x00000000d6f80000, 0x00000000eab00000)
  object space 376320K, 94% used [0x00000000c0000000,0x00000000d5c65278,0x00000000d6f80000)
 Metaspace       used 78874K, committed 80320K, reserved 1179648K
  class space    used 8365K, committed 8960K, reserved 1048576K
GC Heap History (20 events):
Event: 50.070 GC heap before
{Heap before GC invocations=736 (full 21):
 PSYoungGen      total 30720K, used 30279K [0x00000000eab00000, 0x00000000edb00000, 0x0000000100000000)
  eden space 14336K, 100% used [0x00000000eab00000,0x00000000eb900000,0x00000000eb900000)
  from space 16384K, 97% used [0x00000000ebf80000,0x00000000ecf11d10,0x00000000ecf80000)
  to   space 11776K, 0% used [0x00000000ecf80000,0x00000000ecf80000,0x00000000edb00000)
 ParOldGen       total 376320K, used 323813K [0x00000000c0000000, 0x00000000d6f80000, 0x00000000eab00000)
  object space 376320K, 86% used [0x00000000c0000000,0x00000000d3c397a8,0x00000000d6f80000)
 Metaspace       used 73499K, committed 74944K, reserved 1179648K
  class space    used 7702K, committed 8320K, reserved 1048576K
}
Event: 50.089 GC heap after
{Heap after GC invocations=736 (full 21):
 PSYoungGen      total 26112K, used 11753K [0x00000000eab00000, 0x00000000ee300000, 0x0000000100000000)
  eden space 14336K, 0% used [0x00000000eab00000,0x00000000eab00000,0x00000000eb900000)
  from space 11776K, 99% used [0x00000000ecf80000,0x00000000edafa568,0x00000000edb00000)
  to   space 21504K, 0% used [0x00000000eb900000,0x00000000eb900000,0x00000000ece00000)
 ParOldGen       total 376320K, used 332199K [0x00000000c0000000, 0x00000000d6f80000, 0x00000000eab00000)
  object space 376320K, 88% used [0x00000000c0000000,0x00000000d4469fc0,0x00000000d6f80000)
 Metaspace       used 73499K, committed 74944K, reserved 1179648K
  class space    used 7702K, committed 8320K, reserved 1048576K
}
Event: 50.247 GC heap before
{Heap before GC invocations=737 (full 21):
 PSYoungGen      total 26112K, used 26089K [0x00000000eab00000, 0x00000000ee300000, 0x0000000100000000)
  eden space 14336K, 100% used [0x00000000eab00000,0x00000000eb900000,0x00000000eb900000)
  from space 11776K, 99% used [0x00000000ecf80000,0x00000000edafa568,0x00000000edb00000)
  to   space 21504K, 0% used [0x00000000eb900000,0x00000000eb900000,0x00000000ece00000)
 ParOldGen       total 376320K, used 332199K [0x00000000c0000000, 0x00000000d6f80000, 0x00000000eab00000)
  object space 376320K, 88% used [0x00000000c0000000,0x00000000d4469fc0,0x00000000d6f80000)
 Metaspace       used 73502K, committed 74944K, reserved 1179648K
  class space    used 7702K, committed 8320K, reserved 1048576K
}
Event: 50.274 GC heap after
{Heap after GC invocations=737 (full 21):
 PSYoungGen      total 21504K, used 6707K [0x00000000eab00000, 0x00000000ed180000, 0x0000000100000000)
  eden space 14336K, 0% used [0x00000000eab00000,0x00000000eab00000,0x00000000eb900000)
  from space 7168K, 93% used [0x00000000eb900000,0x00000000ebf8ccd0,0x00000000ec000000)
  to   space 11776K, 0% used [0x00000000ec600000,0x00000000ec600000,0x00000000ed180000)
 ParOldGen       total 376320K, used 341500K [0x00000000c0000000, 0x00000000d6f80000, 0x00000000eab00000)
  object space 376320K, 90% used [0x00000000c0000000,0x00000000d4d7f2b8,0x00000000d6f80000)
 Metaspace       used 73502K, committed 74944K, reserved 1179648K
  class space    used 7702K, committed 8320K, reserved 1048576K
}
Event: 50.338 GC heap before
{Heap before GC invocations=738 (full 21):
 PSYoungGen      total 21504K, used 21043K [0x00000000eab00000, 0x00000000ed180000, 0x0000000100000000)
  eden space 14336K, 100% used [0x00000000eab00000,0x00000000eb900000,0x00000000eb900000)
  from space 7168K, 93% used [0x00000000eb900000,0x00000000ebf8ccd0,0x00000000ec000000)
  to   space 11776K, 0% used [0x00000000ec600000,0x00000000ec600000,0x00000000ed180000)
 ParOldGen       total 376320K, used 341500K [0x00000000c0000000, 0x00000000d6f80000, 0x00000000eab00000)
  object space 376320K, 90% used [0x00000000c0000000,0x00000000d4d7f2b8,0x00000000d6f80000)
 Metaspace       used 73502K, committed 74944K, reserved 1179648K
  class space    used 7702K, committed 8320K, reserved 1048576K
}
Event: 50.346 GC heap after
{Heap after GC invocations=738 (full 21):
 PSYoungGen      total 26112K, used 11771K [0x00000000eab00000, 0x00000000ed480000, 0x0000000100000000)
  eden space 14336K, 0% used [0x00000000eab00000,0x00000000eab00000,0x00000000eb900000)
  from space 11776K, 99% used [0x00000000ec600000,0x00000000ed17ee08,0x00000000ed180000)
  to   space 13312K, 0% used [0x00000000eb900000,0x00000000eb900000,0x00000000ec600000)
 ParOldGen       total 376320K, used 341556K [0x00000000c0000000, 0x00000000d6f80000, 0x00000000eab00000)
  object space 376320K, 90% used [0x00000000c0000000,0x00000000d4d8d2b8,0x00000000d6f80000)
 Metaspace       used 73502K, committed 74944K, reserved 1179648K
  class space    used 7702K, committed 8320K, reserved 1048576K
}
Event: 50.405 GC heap before
{Heap before GC invocations=739 (full 21):
 PSYoungGen      total 26112K, used 26107K [0x00000000eab00000, 0x00000000ed480000, 0x0000000100000000)
  eden space 14336K, 100% used [0x00000000eab00000,0x00000000eb900000,0x00000000eb900000)
  from space 11776K, 99% used [0x00000000ec600000,0x00000000ed17ee08,0x00000000ed180000)
  to   space 13312K, 0% used [0x00000000eb900000,0x00000000eb900000,0x00000000ec600000)
 ParOldGen       total 376320K, used 341556K [0x00000000c0000000, 0x00000000d6f80000, 0x00000000eab00000)
  object space 376320K, 90% used [0x00000000c0000000,0x00000000d4d8d2b8,0x00000000d6f80000)
 Metaspace       used 73502K, committed 74944K, reserved 1179648K
  class space    used 7702K, committed 8320K, reserved 1048576K
}
Event: 50.429 GC heap after
{Heap after GC invocations=739 (full 21):
 PSYoungGen      total 23552K, used 8869K [0x00000000eab00000, 0x00000000ecf00000, 0x0000000100000000)
  eden space 14336K, 0% used [0x00000000eab00000,0x00000000eab00000,0x00000000eb900000)
  from space 9216K, 96% used [0x00000000eb900000,0x00000000ec1a9548,0x00000000ec200000)
  to   space 10240K, 0% used [0x00000000ec500000,0x00000000ec500000,0x00000000ecf00000)
 ParOldGen       total 376320K, used 348167K [0x00000000c0000000, 0x00000000d6f80000, 0x00000000eab00000)
  object space 376320K, 92% used [0x00000000c0000000,0x00000000d5401d50,0x00000000d6f80000)
 Metaspace       used 73502K, committed 74944K, reserved 1179648K
  class space    used 7702K, committed 8320K, reserved 1048576K
}
Event: 50.548 GC heap before
{Heap before GC invocations=740 (full 21):
 PSYoungGen      total 23552K, used 23205K [0x00000000eab00000, 0x00000000ecf00000, 0x0000000100000000)
  eden space 14336K, 99% used [0x00000000eab00000,0x00000000eb8fffd8,0x00000000eb900000)
  from space 9216K, 96% used [0x00000000eb900000,0x00000000ec1a9548,0x00000000ec200000)
  to   space 10240K, 0% used [0x00000000ec500000,0x00000000ec500000,0x00000000ecf00000)
 ParOldGen       total 376320K, used 348167K [0x00000000c0000000, 0x00000000d6f80000, 0x00000000eab00000)
  object space 376320K, 92% used [0x00000000c0000000,0x00000000d5401d50,0x00000000d6f80000)
 Metaspace       used 73888K, committed 75328K, reserved 1179648K
  class space    used 7737K, committed 8320K, reserved 1048576K
}
Event: 50.558 GC heap after
{Heap after GC invocations=740 (full 21):
 PSYoungGen      total 19968K, used 3654K [0x00000000eab00000, 0x00000000ec900000, 0x0000000100000000)
  eden space 15872K, 0% used [0x00000000eab00000,0x00000000eab00000,0x00000000eba80000)
  from space 4096K, 89% used [0x00000000ec500000,0x00000000ec891ba8,0x00000000ec900000)
  to   space 6144K, 0% used [0x00000000ebd00000,0x00000000ebd00000,0x00000000ec300000)
 ParOldGen       total 376320K, used 353410K [0x00000000c0000000, 0x00000000d6f80000, 0x00000000eab00000)
  object space 376320K, 93% used [0x00000000c0000000,0x00000000d59208a0,0x00000000d6f80000)
 Metaspace       used 73888K, committed 75328K, reserved 1179648K
  class space    used 7737K, committed 8320K, reserved 1048576K
}
Event: 50.643 GC heap before
{Heap before GC invocations=741 (full 21):
 PSYoungGen      total 19968K, used 19526K [0x00000000eab00000, 0x00000000ec900000, 0x0000000100000000)
  eden space 15872K, 100% used [0x00000000eab00000,0x00000000eba80000,0x00000000eba80000)
  from space 4096K, 89% used [0x00000000ec500000,0x00000000ec891ba8,0x00000000ec900000)
  to   space 6144K, 0% used [0x00000000ebd00000,0x00000000ebd00000,0x00000000ec300000)
 ParOldGen       total 376320K, used 353410K [0x00000000c0000000, 0x00000000d6f80000, 0x00000000eab00000)
  object space 376320K, 93% used [0x00000000c0000000,0x00000000d59208a0,0x00000000d6f80000)
 Metaspace       used 74265K, committed 75648K, reserved 1179648K
  class space    used 7777K, committed 8384K, reserved 1048576K
}
Event: 50.648 GC heap after
{Heap after GC invocations=741 (full 21):
 PSYoungGen      total 24064K, used 916K [0x00000000eab00000, 0x00000000ec580000, 0x0000000100000000)
  eden space 17920K, 0% used [0x00000000eab00000,0x00000000eab00000,0x00000000ebc80000)
  from space 6144K, 14% used [0x00000000ebd00000,0x00000000ebde5200,0x00000000ec300000)
  to   space 2560K, 0% used [0x00000000ec300000,0x00000000ec300000,0x00000000ec580000)
 ParOldGen       total 376320K, used 354886K [0x00000000c0000000, 0x00000000d6f80000, 0x00000000eab00000)
  object space 376320K, 94% used [0x00000000c0000000,0x00000000d5a91ac8,0x00000000d6f80000)
 Metaspace       used 74265K, committed 75648K, reserved 1179648K
  class space    used 7777K, committed 8384K, reserved 1048576K
}
Event: 50.840 GC heap before
{Heap before GC invocations=742 (full 21):
 PSYoungGen      total 24064K, used 18836K [0x00000000eab00000, 0x00000000ec580000, 0x0000000100000000)
  eden space 17920K, 100% used [0x00000000eab00000,0x00000000ebc80000,0x00000000ebc80000)
  from space 6144K, 14% used [0x00000000ebd00000,0x00000000ebde5200,0x00000000ec300000)
  to   space 2560K, 0% used [0x00000000ec300000,0x00000000ec300000,0x00000000ec580000)
 ParOldGen       total 376320K, used 354886K [0x00000000c0000000, 0x00000000d6f80000, 0x00000000eab00000)
  object space 376320K, 94% used [0x00000000c0000000,0x00000000d5a91ac8,0x00000000d6f80000)
 Metaspace       used 75057K, committed 76480K, reserved 1179648K
  class space    used 7842K, committed 8448K, reserved 1048576K
}
Event: 50.843 GC heap after
{Heap after GC invocations=742 (full 21):
 PSYoungGen      total 20992K, used 1434K [0x00000000eab00000, 0x00000000ec480000, 0x0000000100000000)
  eden space 19456K, 0% used [0x00000000eab00000,0x00000000eab00000,0x00000000ebe00000)
  from space 1536K, 93% used [0x00000000ec300000,0x00000000ec466920,0x00000000ec480000)
  to   space 2048K, 0% used [0x00000000ec080000,0x00000000ec080000,0x00000000ec280000)
 ParOldGen       total 376320K, used 354894K [0x00000000c0000000, 0x00000000d6f80000, 0x00000000eab00000)
  object space 376320K, 94% used [0x00000000c0000000,0x00000000d5a93ac8,0x00000000d6f80000)
 Metaspace       used 75057K, committed 76480K, reserved 1179648K
  class space    used 7842K, committed 8448K, reserved 1048576K
}
Event: 234.196 GC heap before
{Heap before GC invocations=743 (full 21):
 PSYoungGen      total 20992K, used 20876K [0x00000000eab00000, 0x00000000ec480000, 0x0000000100000000)
  eden space 19456K, 99% used [0x00000000eab00000,0x00000000ebdfc950,0x00000000ebe00000)
  from space 1536K, 93% used [0x00000000ec300000,0x00000000ec466920,0x00000000ec480000)
  to   space 2048K, 0% used [0x00000000ec080000,0x00000000ec080000,0x00000000ec280000)
 ParOldGen       total 376320K, used 354894K [0x00000000c0000000, 0x00000000d6f80000, 0x00000000eab00000)
  object space 376320K, 94% used [0x00000000c0000000,0x00000000d5a93ac8,0x00000000d6f80000)
 Metaspace       used 75559K, committed 76928K, reserved 1179648K
  class space    used 7901K, committed 8512K, reserved 1048576K
}
Event: 234.200 GC heap after
{Heap after GC invocations=743 (full 21):
 PSYoungGen      total 21504K, used 2025K [0x00000000eab00000, 0x00000000ec600000, 0x0000000100000000)
  eden space 19456K, 0% used [0x00000000eab00000,0x00000000eab00000,0x00000000ebe00000)
  from space 2048K, 98% used [0x00000000ec080000,0x00000000ec27a648,0x00000000ec280000)
  to   space 3584K, 0% used [0x00000000ec280000,0x00000000ec280000,0x00000000ec600000)
 ParOldGen       total 376320K, used 356402K [0x00000000c0000000, 0x00000000d6f80000, 0x00000000eab00000)
  object space 376320K, 94% used [0x00000000c0000000,0x00000000d5c0c978,0x00000000d6f80000)
 Metaspace       used 75559K, committed 76928K, reserved 1179648K
  class space    used 7901K, committed 8512K, reserved 1048576K
}
Event: 234.816 GC heap before
{Heap before GC invocations=744 (full 21):
 PSYoungGen      total 21504K, used 21481K [0x00000000eab00000, 0x00000000ec600000, 0x0000000100000000)
  eden space 19456K, 100% used [0x00000000eab00000,0x00000000ebe00000,0x00000000ebe00000)
  from space 2048K, 98% used [0x00000000ec080000,0x00000000ec27a648,0x00000000ec280000)
  to   space 3584K, 0% used [0x00000000ec280000,0x00000000ec280000,0x00000000ec600000)
 ParOldGen       total 376320K, used 356402K [0x00000000c0000000, 0x00000000d6f80000, 0x00000000eab00000)
  object space 376320K, 94% used [0x00000000c0000000,0x00000000d5c0c978,0x00000000d6f80000)
 Metaspace       used 76087K, committed 77504K, reserved 1179648K
  class space    used 7954K, committed 8576K, reserved 1048576K
}
Event: 234.820 GC heap after
{Heap after GC invocations=744 (full 21):
 PSYoungGen      total 20992K, used 1344K [0x00000000eab00000, 0x00000000ec400000, 0x0000000100000000)
  eden space 19456K, 0% used [0x00000000eab00000,0x00000000eab00000,0x00000000ebe00000)
  from space 1536K, 87% used [0x00000000ec280000,0x00000000ec3d0000,0x00000000ec400000)
  to   space 2560K, 0% used [0x00000000ebf00000,0x00000000ebf00000,0x00000000ec180000)
 ParOldGen       total 376320K, used 356748K [0x00000000c0000000, 0x00000000d6f80000, 0x00000000eab00000)
  object space 376320K, 94% used [0x00000000c0000000,0x00000000d5c63278,0x00000000d6f80000)
 Metaspace       used 76087K, committed 77504K, reserved 1179648K
  class space    used 7954K, committed 8576K, reserved 1048576K
}
Event: 235.140 GC heap before
{Heap before GC invocations=745 (full 21):
 PSYoungGen      total 20992K, used 20800K [0x00000000eab00000, 0x00000000ec400000, 0x0000000100000000)
  eden space 19456K, 100% used [0x00000000eab00000,0x00000000ebe00000,0x00000000ebe00000)
  from space 1536K, 87% used [0x00000000ec280000,0x00000000ec3d0000,0x00000000ec400000)
  to   space 2560K, 0% used [0x00000000ebf00000,0x00000000ebf00000,0x00000000ec180000)
 ParOldGen       total 376320K, used 356748K [0x00000000c0000000, 0x00000000d6f80000, 0x00000000eab00000)
  object space 376320K, 94% used [0x00000000c0000000,0x00000000d5c63278,0x00000000d6f80000)
 Metaspace       used 78325K, committed 79744K, reserved 1179648K
  class space    used 8290K, committed 8896K, reserved 1048576K
}
Event: 235.144 GC heap after
{Heap after GC invocations=745 (full 21):
 PSYoungGen      total 21504K, used 1668K [0x00000000eab00000, 0x00000000ec300000, 0x0000000100000000)
  eden space 19456K, 0% used [0x00000000eab00000,0x00000000eab00000,0x00000000ebe00000)
  from space 2048K, 81% used [0x00000000ebf00000,0x00000000ec0a1390,0x00000000ec100000)
  to   space 2048K, 0% used [0x00000000ec100000,0x00000000ec100000,0x00000000ec300000)
 ParOldGen       total 376320K, used 356756K [0x00000000c0000000, 0x00000000d6f80000, 0x00000000eab00000)
  object space 376320K, 94% used [0x00000000c0000000,0x00000000d5c65278,0x00000000d6f80000)
 Metaspace       used 78325K, committed 79744K, reserved 1179648K
  class space    used 8290K, committed 8896K, reserved 1048576K
}

